c:\users\ieuser\source\repos\lab03\lab03\x64\simulation\vc141.pdb
c:\users\ieuser\source\repos\lab03\lab03\x64\simulation\vc141.idb
c:\users\ieuser\source\repos\lab03\lab03\x64\simulation\lab03.obj
c:\users\ieuser\source\repos\lab03\lab03\x64\simulation\lab03encl_u.obj
c:\users\ieuser\source\repos\lab03\lab03\lab03encl_u.h
c:\users\ieuser\source\repos\lab03\lab03\lab03encl_u.c
c:\users\ieuser\source\repos\lab03\x64\simulation\lab03app.ilk
c:\users\ieuser\source\repos\lab03\x64\simulation\lab03app.exe
c:\users\ieuser\source\repos\lab03\x64\simulation\lab03app.pdb
c:\users\artem\desktop\lab03\lab03\x64\simulation\lab03.obj
c:\users\artem\desktop\lab03\lab03\x64\simulation\lab03encl_u.obj
c:\users\artem\desktop\lab03\lab03\x64\simulation\vc141.idb
c:\users\artem\desktop\lab03\lab03\x64\simulation\vc141.pdb
c:\users\artem\desktop\lab03\lab03\x64\simulation\lab03app.tlog\cl.command.1.tlog
c:\users\artem\desktop\lab03\lab03\x64\simulation\lab03app.tlog\cl.read.1.tlog
c:\users\artem\desktop\lab03\lab03\x64\simulation\lab03app.tlog\cl.write.1.tlog
c:\users\artem\desktop\lab03\lab03\x64\simulation\lab03app.tlog\custombuild.command.1.tlog
c:\users\artem\desktop\lab03\lab03\x64\simulation\lab03app.tlog\custombuild.read.1.tlog
c:\users\artem\desktop\lab03\lab03\x64\simulation\lab03app.tlog\custombuild.write.1.tlog
c:\users\artem\desktop\lab03\lab03\x64\simulation\lab03app.tlog\link.command.1.tlog
c:\users\artem\desktop\lab03\lab03\x64\simulation\lab03app.tlog\link.read.1.tlog
c:\users\artem\desktop\lab03\lab03\x64\simulation\lab03app.tlog\link.write.1.tlog
